#
# There is insufficient memory for the Java Runtime Environment to continue.
# Native memory allocation (malloc) failed to allocate 32744 bytes for ChunkPool::allocate
# Possible reasons:
#   The system is out of physical RAM or swap space
#   The process is running with CompressedOops enabled, and the Java Heap may be blocking the growth of the native heap
# Possible solutions:
#   Reduce memory load on the system
#   Increase physical memory or swap space
#   Check if swap backing store is full
#   Decrease Java heap size (-Xmx/-Xms)
#   Decrease number of Java threads
#   Decrease Java thread stack sizes (-Xss)
#   Set larger code cache with -XX:ReservedCodeCacheSize=
#   JVM is running with Unscaled Compressed Oops mode in which the Java heap is
#     placed in the first 4GB address space. The Java Heap base address is the
#     maximum limit for the native heap growth. Please use -XX:HeapBaseMinAddress
#     to set the Java Heap base and to place the Java Heap above 4GB virtual address.
# This output file may be truncated or incomplete.
#
#  Out of Memory Error (allocation.cpp:272), pid=9272, tid=0x0000000000002b60
#
# JRE version: Java(TM) SE Runtime Environment (8.0_441) (build 1.8.0_441-b07)
# Java VM: Java HotSpot(TM) 64-Bit Server VM (25.441-b07 mixed mode windows-amd64 compressed oops)
# Failed to write core dump. Minidumps are not enabled by default on client versions of Windows
#

---------------  T H R E A D  ---------------

Current thread (0x00000151e2bd3800):  JavaThread "C2 CompilerThread1" daemon [_thread_in_native, id=11104, stack(0x0000002544200000,0x0000002544300000)]

Stack: [0x0000002544200000,0x0000002544300000]
Native frames: (J=compiled Java code, j=interpreted, Vv=VM code, C=native code)
V  [jvm.dll+0x34ba99]


Current CompileTask:
C2:7854314 4694   !   4       java.lang.ref.ReferenceQueue::remove (125 bytes)


---------------  P R O C E S S  ---------------

Java Threads: ( => current thread )
  0x00000151e3d9b000 JavaThread "Swing-Shell" daemon [_thread_blocked, id=1184, stack(0x0000002543400000,0x0000002543500000)]
  0x00000151e6b47000 JavaThread "pool-1-thread-1" [_thread_blocked, id=13120, stack(0x0000002544f00000,0x0000002545000000)]
  0x00000151e4034000 JavaThread "TimerQueue" daemon [_thread_blocked, id=9236, stack(0x0000002544e00000,0x0000002544f00000)]
  0x00000151e3d96000 JavaThread "mysql-cj-abandoned-connection-cleanup" daemon [_thread_blocked, id=660, stack(0x0000002544a00000,0x0000002544b00000)]
  0x00000151ce8e9000 JavaThread "DestroyJavaVM" [_thread_blocked, id=2084, stack(0x0000002543700000,0x0000002543800000)]
  0x00000151e3d77000 JavaThread "AWT-EventQueue-0" [_thread_blocked, id=5664, stack(0x0000002544900000,0x0000002544a00000)]
  0x00000151e3b79000 JavaThread "AWT-Windows" daemon [_thread_in_native, id=544, stack(0x0000002544800000,0x0000002544900000)]
  0x00000151e3b78000 JavaThread "AWT-Shutdown" [_thread_blocked, id=8124, stack(0x0000002544700000,0x0000002544800000)]
  0x00000151e3b77800 JavaThread "Java2D Disposer" daemon [_thread_blocked, id=10792, stack(0x0000002544600000,0x0000002544700000)]
  0x00000151e2c61000 JavaThread "Service Thread" daemon [_thread_blocked, id=5152, stack(0x0000002544400000,0x0000002544500000)]
  0x00000151e2bde800 JavaThread "C1 CompilerThread2" daemon [_thread_blocked, id=7008, stack(0x0000002544300000,0x0000002544400000)]
=>0x00000151e2bd3800 JavaThread "C2 CompilerThread1" daemon [_thread_in_native, id=11104, stack(0x0000002544200000,0x0000002544300000)]
  0x00000151e2bd0800 JavaThread "C2 CompilerThread0" daemon [_thread_blocked, id=10896, stack(0x0000002544100000,0x0000002544200000)]
  0x00000151e2bcd800 JavaThread "Attach Listener" daemon [_thread_blocked, id=16180, stack(0x0000002544000000,0x0000002544100000)]
  0x00000151e2bcb800 JavaThread "Signal Dispatcher" daemon [_thread_blocked, id=532, stack(0x0000002543f00000,0x0000002544000000)]
  0x00000151e247a000 JavaThread "Finalizer" daemon [_thread_blocked, id=4872, stack(0x0000002543e00000,0x0000002543f00000)]
  0x00000151e2478800 JavaThread "Reference Handler" daemon [_thread_blocked, id=11988, stack(0x0000002543d00000,0x0000002543e00000)]

Other Threads:
  0x00000151e2b82000 VMThread [stack: 0x0000002543c00000,0x0000002543d00000] [id=4600]
  0x00000151e2c7a800 WatcherThread [stack: 0x0000002544500000,0x0000002544600000] [id=10528]

VM state:not at safepoint (normal execution)

VM Mutex/Monitor currently owned by a thread: None

heap address: 0x00000000c2000000, size: 992 MB, Compressed Oops mode: 32-bit
Narrow klass base: 0x0000000000000000, Narrow klass shift: 3
Compressed class space size: 1073741824 Address: 0x0000000100000000

Heap:
 PSYoungGen      total 40448K, used 16123K [0x00000000eb580000, 0x00000000ef600000, 0x0000000100000000)
  eden space 30720K, 52% used [0x00000000eb580000,0x00000000ec53ed08,0x00000000ed380000)
  from space 9728K, 0% used [0x00000000ee700000,0x00000000ee700000,0x00000000ef080000)
  to   space 5632K, 0% used [0x00000000ef080000,0x00000000ef080000,0x00000000ef600000)
 ParOldGen       total 36352K, used 13111K [0x00000000c2000000, 0x00000000c4380000, 0x00000000eb580000)
  object space 36352K, 36% used [0x00000000c2000000,0x00000000c2ccdee0,0x00000000c4380000)
 Metaspace       used 36491K, capacity 36818K, committed 37248K, reserved 1081344K
  class space    used 4581K, capacity 4671K, committed 4736K, reserved 1048576K

Card table byte_map: [0x00000151df740000,0x00000151df940000] byte_map_base: 0x00000151df130000

Marking Bits: (ParMarkBitMap*) 0x00007fffd3ad0200
 Begin Bits: [0x00000151dfa90000, 0x00000151e0a10000)
 End Bits:   [0x00000151e0a10000, 0x00000151e1990000)

Polling page: 0x00000151ceaf0000

CodeCache: size=245760Kb used=12753Kb max_used=12945Kb free=233006Kb
 bounds [0x00000151d0380000, 0x00000151d1040000, 0x00000151df380000]
 total_blobs=4956 nmethods=4224 adapters=643
 compilation: enabled

Compilation events (10 events):
Event: 3383.942 Thread 0x00000151e2bde800 nmethod 4689 0x00000151d0649e50 code [0x00000151d0649fc0, 0x00000151d064a2b8]
Event: 7577.376 Thread 0x00000151e2bde800 4690       3       java.util.concurrent.ScheduledThreadPoolExecutor::now (4 bytes)
Event: 7577.389 Thread 0x00000151e2bde800 nmethod 4690 0x00000151d0519cd0 code [0x00000151d0519e20, 0x00000151d0519f98]
Event: 7607.381 Thread 0x00000151e2bde800 4691       3       java.util.concurrent.ScheduledThreadPoolExecutor::canRunInCurrentRunState (20 bytes)
Event: 7607.388 Thread 0x00000151e2bde800 nmethod 4691 0x00000151d0d98510 code [0x00000151d0d98680, 0x00000151d0d98ad8]
Event: 7607.388 Thread 0x00000151e2bde800 4692       3       java.util.concurrent.ThreadPoolExecutor::isRunningOrShutdown (31 bytes)
Event: 7607.390 Thread 0x00000151e2bde800 nmethod 4692 0x00000151d0662b90 code [0x00000151d0662d00, 0x00000151d0663038]
Event: 7673.733 Thread 0x00000151e2bd0800 4693       4       sun.misc.URLClassPath::findResource (47 bytes)
Event: 7673.852 Thread 0x00000151e2bd0800 nmethod 4693 0x00000151d06b7450 code [0x00000151d06b7600, 0x00000151d06b8738]
Event: 7854.246 Thread 0x00000151e2bd3800 4694   !   4       java.lang.ref.ReferenceQueue::remove (125 bytes)

GC Heap History (10 events):
Event: 28.459 GC heap before
{Heap before GC invocations=5 (full 1):
 PSYoungGen      total 18432K, used 15872K [0x00000000eb580000, 0x00000000ed980000, 0x0000000100000000)
  eden space 15872K, 100% used [0x00000000eb580000,0x00000000ec500000,0x00000000ec500000)
  from space 2560K, 0% used [0x00000000ec500000,0x00000000ec500000,0x00000000ec780000)
  to   space 2560K, 0% used [0x00000000ed700000,0x00000000ed700000,0x00000000ed980000)
 ParOldGen       total 31744K, used 8859K [0x00000000c2000000, 0x00000000c3f00000, 0x00000000eb580000)
  object space 31744K, 27% used [0x00000000c2000000,0x00000000c28a6f80,0x00000000c3f00000)
 Metaspace       used 23331K, capacity 23606K, committed 23808K, reserved 1071104K
  class space    used 2868K, capacity 2971K, committed 3072K, reserved 1048576K
Event: 28.465 GC heap after
Heap after GC invocations=5 (full 1):
 PSYoungGen      total 32768K, used 2559K [0x00000000eb580000, 0x00000000ed980000, 0x0000000100000000)
  eden space 30208K, 0% used [0x00000000eb580000,0x00000000eb580000,0x00000000ed300000)
  from space 2560K, 99% used [0x00000000ed700000,0x00000000ed97fc50,0x00000000ed980000)
  to   space 2560K, 0% used [0x00000000ed480000,0x00000000ed480000,0x00000000ed700000)
 ParOldGen       total 31744K, used 9406K [0x00000000c2000000, 0x00000000c3f00000, 0x00000000eb580000)
  object space 31744K, 29% used [0x00000000c2000000,0x00000000c292f980,0x00000000c3f00000)
 Metaspace       used 23331K, capacity 23606K, committed 23808K, reserved 1071104K
  class space    used 2868K, capacity 2971K, committed 3072K, reserved 1048576K
}
Event: 30.727 GC heap before
{Heap before GC invocations=6 (full 1):
 PSYoungGen      total 32768K, used 32767K [0x00000000eb580000, 0x00000000ed980000, 0x0000000100000000)
  eden space 30208K, 100% used [0x00000000eb580000,0x00000000ed300000,0x00000000ed300000)
  from space 2560K, 99% used [0x00000000ed700000,0x00000000ed97fc50,0x00000000ed980000)
  to   space 2560K, 0% used [0x00000000ed480000,0x00000000ed480000,0x00000000ed700000)
 ParOldGen       total 31744K, used 9406K [0x00000000c2000000, 0x00000000c3f00000, 0x00000000eb580000)
  object space 31744K, 29% used [0x00000000c2000000,0x00000000c292f980,0x00000000c3f00000)
 Metaspace       used 29930K, capacity 30228K, committed 30592K, reserved 1075200K
  class space    used 3782K, capacity 3874K, committed 3968K, reserved 1048576K
Event: 30.739 GC heap after
Heap after GC invocations=6 (full 1):
 PSYoungGen      total 34304K, used 2560K [0x00000000eb580000, 0x00000000efe00000, 0x0000000100000000)
  eden space 31744K, 0% used [0x00000000eb580000,0x00000000eb580000,0x00000000ed480000)
  from space 2560K, 100% used [0x00000000ed480000,0x00000000ed700000,0x00000000ed700000)
  to   space 8704K, 0% used [0x00000000ef580000,0x00000000ef580000,0x00000000efe00000)
 ParOldGen       total 31744K, used 13601K [0x00000000c2000000, 0x00000000c3f00000, 0x00000000eb580000)
  object space 31744K, 42% used [0x00000000c2000000,0x00000000c2d48728,0x00000000c3f00000)
 Metaspace       used 29930K, capacity 30228K, committed 30592K, reserved 1075200K
  class space    used 3782K, capacity 3874K, committed 3968K, reserved 1048576K
}
Event: 56.913 GC heap before
{Heap before GC invocations=7 (full 1):
 PSYoungGen      total 34304K, used 34304K [0x00000000eb580000, 0x00000000efe00000, 0x0000000100000000)
  eden space 31744K, 100% used [0x00000000eb580000,0x00000000ed480000,0x00000000ed480000)
  from space 2560K, 100% used [0x00000000ed480000,0x00000000ed700000,0x00000000ed700000)
  to   space 8704K, 0% used [0x00000000ef580000,0x00000000ef580000,0x00000000efe00000)
 ParOldGen       total 31744K, used 13601K [0x00000000c2000000, 0x00000000c3f00000, 0x00000000eb580000)
  object space 31744K, 42% used [0x00000000c2000000,0x00000000c2d48728,0x00000000c3f00000)
 Metaspace       used 34888K, capacity 35212K, committed 35456K, reserved 1081344K
  class space    used 4387K, capacity 4478K, committed 4480K, reserved 1048576K
Event: 56.943 GC heap after
Heap after GC invocations=7 (full 1):
 PSYoungGen      total 39936K, used 8695K [0x00000000eb580000, 0x00000000efe00000, 0x0000000100000000)
  eden space 31232K, 0% used [0x00000000eb580000,0x00000000eb580000,0x00000000ed400000)
  from space 8704K, 99% used [0x00000000ef580000,0x00000000efdfdd30,0x00000000efe00000)
  to   space 11776K, 0% used [0x00000000ee700000,0x00000000ee700000,0x00000000ef280000)
 ParOldGen       total 31744K, used 16746K [0x00000000c2000000, 0x00000000c3f00000, 0x00000000eb580000)
  object space 31744K, 52% used [0x00000000c2000000,0x00000000c305a9a8,0x00000000c3f00000)
 Metaspace       used 34888K, capacity 35212K, committed 35456K, reserved 1081344K
  class space    used 4387K, capacity 4478K, committed 4480K, reserved 1048576K
}
Event: 64.727 GC heap before
{Heap before GC invocations=8 (full 1):
 PSYoungGen      total 39936K, used 11183K [0x00000000eb580000, 0x00000000efe00000, 0x0000000100000000)
  eden space 31232K, 7% used [0x00000000eb580000,0x00000000eb7ee278,0x00000000ed400000)
  from space 8704K, 99% used [0x00000000ef580000,0x00000000efdfdd30,0x00000000efe00000)
  to   space 11776K, 0% used [0x00000000ee700000,0x00000000ee700000,0x00000000ef280000)
 ParOldGen       total 31744K, used 16746K [0x00000000c2000000, 0x00000000c3f00000, 0x00000000eb580000)
  object space 31744K, 52% used [0x00000000c2000000,0x00000000c305a9a8,0x00000000c3f00000)
 Metaspace       used 34939K, capacity 35212K, committed 35456K, reserved 1081344K
  class space    used 4387K, capacity 4478K, committed 4480K, reserved 1048576K
Event: 64.737 GC heap after
Heap after GC invocations=8 (full 1):
 PSYoungGen      total 40448K, used 9561K [0x00000000eb580000, 0x00000000ef600000, 0x0000000100000000)
  eden space 30720K, 0% used [0x00000000eb580000,0x00000000eb580000,0x00000000ed380000)
  from space 9728K, 98% used [0x00000000ee700000,0x00000000ef056400,0x00000000ef080000)
  to   space 5632K, 0% used [0x00000000ef080000,0x00000000ef080000,0x00000000ef600000)
 ParOldGen       total 31744K, used 19302K [0x00000000c2000000, 0x00000000c3f00000, 0x00000000eb580000)
  object space 31744K, 60% used [0x00000000c2000000,0x00000000c32d9b58,0x00000000c3f00000)
 Metaspace       used 34939K, capacity 35212K, committed 35456K, reserved 1081344K
  class space    used 4387K, capacity 4478K, committed 4480K, reserved 1048576K
}
Event: 64.737 GC heap before
{Heap before GC invocations=9 (full 2):
 PSYoungGen      total 40448K, used 9561K [0x00000000eb580000, 0x00000000ef600000, 0x0000000100000000)
  eden space 30720K, 0% used [0x00000000eb580000,0x00000000eb580000,0x00000000ed380000)
  from space 9728K, 98% used [0x00000000ee700000,0x00000000ef056400,0x00000000ef080000)
  to   space 5632K, 0% used [0x00000000ef080000,0x00000000ef080000,0x00000000ef600000)
 ParOldGen       total 31744K, used 19302K [0x00000000c2000000, 0x00000000c3f00000, 0x00000000eb580000)
  object space 31744K, 60% used [0x00000000c2000000,0x00000000c32d9b58,0x00000000c3f00000)
 Metaspace       used 34939K, capacity 35212K, committed 35456K, reserved 1081344K
  class space    used 4387K, capacity 4478K, committed 4480K, reserved 1048576K
Event: 64.797 GC heap after
Heap after GC invocations=9 (full 2):
 PSYoungGen      total 40448K, used 0K [0x00000000eb580000, 0x00000000ef600000, 0x0000000100000000)
  eden space 30720K, 0% used [0x00000000eb580000,0x00000000eb580000,0x00000000ed380000)
  from space 9728K, 0% used [0x00000000ee700000,0x00000000ee700000,0x00000000ef080000)
  to   space 5632K, 0% used [0x00000000ef080000,0x00000000ef080000,0x00000000ef600000)
 ParOldGen       total 36352K, used 13111K [0x00000000c2000000, 0x00000000c4380000, 0x00000000eb580000)
  object space 36352K, 36% used [0x00000000c2000000,0x00000000c2ccdee0,0x00000000c4380000)
 Metaspace       used 34939K, capacity 35212K, committed 35456K, reserved 1081344K
  class space    used 4387K, capacity 4478K, committed 4480K, reserved 1048576K
}

Deoptimization events (10 events):
Event: 65.503 Thread 0x00000151e3d77000 Uncommon trap: reason=unstable_if action=reinterpret pc=0x00000151d0f1aaec method=sun.java2d.SunGraphics2D.setColor(Ljava/awt/Color;)V @ 74
Event: 68.740 Thread 0x00000151e3d77000 Uncommon trap: reason=unstable_if action=reinterpret pc=0x00000151d0f3d0d0 method=java.awt.Container$MouseEventTargetFilter.accept(Ljava/awt/Component;)Z @ 23
Event: 71.712 Thread 0x00000151e3d77000 Uncommon trap: reason=null_check action=make_not_entrant pc=0x00000151d0c1c73c method=javax.swing.plaf.nimbus.NimbusDefaults$LazyStyle.matches(Ljava/awt/Component;I)Z @ 39
Event: 71.726 Thread 0x00000151e3d77000 Uncommon trap: reason=unstable_if action=reinterpret pc=0x00000151d0f0ed84 method=java.awt.Component.getInputContext()Ljava/awt/im/InputContext; @ 6
Event: 83.303 Thread 0x00000151e3d77000 Uncommon trap: reason=unstable_if action=reinterpret pc=0x00000151d0571f24 method=sun.java2d.pipe.Region.dimAdd(II)I @ 1
Event: 83.313 Thread 0x00000151e3d77000 Uncommon trap: reason=unstable_if action=reinterpret pc=0x00000151d0fba5e4 method=sun.java2d.pipe.Region.getIntersectionXYXY(IIII)Lsun/java2d/pipe/Region; @ 23
Event: 135.522 Thread 0x00000151e3d77000 Uncommon trap: reason=class_check action=maybe_recompile pc=0x00000151d0f1b434 method=java.awt.Component.getBackground()Ljava/awt/Color; @ 21
Event: 135.522 Thread 0x00000151e3d77000 Uncommon trap: reason=class_check action=maybe_recompile pc=0x00000151d0f1b434 method=java.awt.Component.getBackground()Ljava/awt/Color; @ 21
Event: 135.522 Thread 0x00000151e3d77000 Uncommon trap: reason=class_check action=maybe_recompile pc=0x00000151d0f1b434 method=java.awt.Component.getBackground()Ljava/awt/Color; @ 21
Event: 136.378 Thread 0x00000151e3d77000 Uncommon trap: reason=class_check action=maybe_recompile pc=0x00000151d0f1b434 method=java.awt.Component.getBackground()Ljava/awt/Color; @ 21

Classes redefined (0 events):
No events

Internal exceptions (10 events):
Event: 0.635 Thread 0x00000151ce8e9000 Exception <a 'java/lang/ClassNotFoundException': Tree> (0x00000000eb979fc0) thrown at [C:\jenkins\workspace\8-2-build-windows-x64-cygwin-sans-NAS\jdk8u441\1521\hotspot\src\share\vm\classfile\systemDictionary.cpp, line 213]
Event: 0.635 Thread 0x00000151ce8e9000 Exception <a 'java/lang/ClassNotFoundException': javax/swing/JTreeCell> (0x00000000eb97a340) thrown at [C:\jenkins\workspace\8-2-build-windows-x64-cygwin-sans-NAS\jdk8u441\1521\hotspot\src\share\vm\classfile\systemDictionary.cpp, line 213]
Event: 0.635 Thread 0x00000151ce8e9000 Exception <a 'java/lang/ClassNotFoundException': TreeCell> (0x00000000eb97a7c8) thrown at [C:\jenkins\workspace\8-2-build-windows-x64-cygwin-sans-NAS\jdk8u441\1521\hotspot\src\share\vm\classfile\systemDictionary.cpp, line 213]
Event: 0.636 Thread 0x00000151ce8e9000 Exception <a 'java/lang/ClassNotFoundException': RootPane> (0x00000000eb97b228) thrown at [C:\jenkins\workspace\8-2-build-windows-x64-cygwin-sans-NAS\jdk8u441\1521\hotspot\src\share\vm\classfile\systemDictionary.cpp, line 213]
Event: 29.547 Thread 0x00000151e3d77000 Implicit null exception at 0x00000151d08edd58 to 0x00000151d08ede8d
Event: 29.588 Thread 0x00000151e3d77000 Exception <a 'java/lang/NullPointerException'> (0x00000000eba1a7f8) thrown at [C:\jenkins\workspace\8-2-build-windows-x64-cygwin-sans-NAS\jdk8u441\1521\hotspot\src\share\vm\runtime\reflection.cpp, line 922]
Event: 44.444 Thread 0x00000151e3d77000 Implicit null exception at 0x00000151d0c72cf9 to 0x00000151d0c72efc
Event: 44.746 Thread 0x00000151e3d77000 Implicit null exception at 0x00000151d04b384c to 0x00000151d04b38e5
Event: 64.854 Thread 0x00000151e3d77000 Implicit null exception at 0x00000151d0f41710 to 0x00000151d0f417c2
Event: 71.712 Thread 0x00000151e3d77000 Implicit null exception at 0x00000151d0c190f0 to 0x00000151d0c1c719

Events (10 events):
Event: 224.477 Thread 0x00000151e2bde800 flushing nmethod 0x00000151d0cbfa90
Event: 224.480 Thread 0x00000151e2bde800 flushing nmethod 0x00000151d0d98410
Event: 224.480 Thread 0x00000151e2bde800 flushing nmethod 0x00000151d0df14d0
Event: 224.480 Thread 0x00000151e2bde800 flushing nmethod 0x00000151d0df1810
Event: 224.480 Thread 0x00000151e2bde800 flushing nmethod 0x00000151d0df7290
Event: 224.480 Thread 0x00000151e2bde800 flushing nmethod 0x00000151d0df8fd0
Event: 224.480 Thread 0x00000151e2bde800 flushing nmethod 0x00000151d0df9310
Event: 269.636 Thread 0x00000151e2bde800 flushing nmethod 0x00000151d0e3dd50
Event: 269.636 Thread 0x00000151e2bde800 flushing nmethod 0x00000151d0e6f210
Event: 343.307 Thread 0x00000151e2bd3800 flushing nmethod 0x00000151d0f119d0


Dynamic libraries:
0x00007ff7704c0000 - 0x00007ff77050f000 	C:\Program Files\Java\jdk-1.8\bin\java.exe
0x00007ff81e9d0000 - 0x00007ff81ebc8000 	C:\Windows\SYSTEM32\ntdll.dll
0x00007ff81d110000 - 0x00007ff81d1d2000 	C:\Windows\System32\KERNEL32.DLL
0x00007ff81c390000 - 0x00007ff81c686000 	C:\Windows\System32\KERNELBASE.dll
0x00007ff81e430000 - 0x00007ff81e4df000 	C:\Windows\System32\ADVAPI32.dll
0x00007ff81e250000 - 0x00007ff81e2ee000 	C:\Windows\System32\msvcrt.dll
0x00007ff81de10000 - 0x00007ff81deaf000 	C:\Windows\System32\sechost.dll
0x00007ff81e300000 - 0x00007ff81e423000 	C:\Windows\System32\RPCRT4.dll
0x00007ff81c880000 - 0x00007ff81c8a7000 	C:\Windows\System32\bcrypt.dll
0x00007ff81ce50000 - 0x00007ff81cfed000 	C:\Windows\System32\USER32.dll
0x00007ff81c2c0000 - 0x00007ff81c2e2000 	C:\Windows\System32\win32u.dll
0x00007ff81d260000 - 0x00007ff81d28b000 	C:\Windows\System32\GDI32.dll
0x00007ff81c8b0000 - 0x00007ff81c9ca000 	C:\Windows\System32\gdi32full.dll
0x00007ff81c2f0000 - 0x00007ff81c38d000 	C:\Windows\System32\msvcp_win.dll
0x00007ff81c140000 - 0x00007ff81c240000 	C:\Windows\System32\ucrtbase.dll
0x00007ff80ba70000 - 0x00007ff80bd0a000 	C:\Windows\WinSxS\amd64_microsoft.windows.common-controls_6595b64144ccf1df_6.0.19041.5794_none_60bcd33171f2783c\COMCTL32.dll
0x00007ff81cff0000 - 0x00007ff81d01f000 	C:\Windows\System32\IMM32.DLL
0x00007fffe5350000 - 0x00007fffe536b000 	C:\Program Files\Java\jdk-1.8\jre\bin\vcruntime140.dll
0x00007ffffd860000 - 0x00007ffffd86c000 	C:\Program Files\Java\jdk-1.8\jre\bin\vcruntime140_1.dll
0x00007fffe0840000 - 0x00007fffe08ce000 	C:\Program Files\Java\jdk-1.8\jre\bin\msvcp140.dll
0x00007fffd32a0000 - 0x00007fffd3b4a000 	C:\Program Files\Java\jdk-1.8\jre\bin\server\jvm.dll
0x00007ff81e2f0000 - 0x00007ff81e2f8000 	C:\Windows\System32\PSAPI.DLL
0x00007ff80c7e0000 - 0x00007ff80c7e9000 	C:\Windows\SYSTEM32\WSOCK32.dll
0x00007ff81e8f0000 - 0x00007ff81e95b000 	C:\Windows\System32\WS2_32.dll
0x00007ff80b760000 - 0x00007ff80b76a000 	C:\Windows\SYSTEM32\VERSION.dll
0x00007ff80b730000 - 0x00007ff80b757000 	C:\Windows\SYSTEM32\WINMM.dll
0x00007ff819e80000 - 0x00007ff819e92000 	C:\Windows\SYSTEM32\kernel.appcore.dll
0x00007ff810ea0000 - 0x00007ff810eb0000 	C:\Program Files\Java\jdk-1.8\jre\bin\verify.dll
0x00007fffe5030000 - 0x00007fffe505b000 	C:\Program Files\Java\jdk-1.8\jre\bin\java.dll
0x00007fffe4cc0000 - 0x00007fffe4cd8000 	C:\Program Files\Java\jdk-1.8\jre\bin\zip.dll
0x00007ff81d560000 - 0x00007ff81dcce000 	C:\Windows\System32\SHELL32.dll
0x00007ff81a080000 - 0x00007ff81a823000 	C:\Windows\SYSTEM32\windows.storage.dll
0x00007ff81e590000 - 0x00007ff81e8e3000 	C:\Windows\System32\combase.dll
0x00007ff81b990000 - 0x00007ff81b9bb000 	C:\Windows\SYSTEM32\Wldp.dll
0x00007ff81e120000 - 0x00007ff81e1ed000 	C:\Windows\System32\OLEAUT32.dll
0x00007ff81dd60000 - 0x00007ff81de0d000 	C:\Windows\System32\SHCORE.dll
0x00007ff81deb0000 - 0x00007ff81df05000 	C:\Windows\System32\shlwapi.dll
0x00007ff81bf70000 - 0x00007ff81bf95000 	C:\Windows\SYSTEM32\profapi.dll
0x00007fffddef0000 - 0x00007fffde06e000 	C:\Program Files\Java\jdk-1.8\jre\bin\awt.dll
0x00007ff819280000 - 0x00007ff819314000 	C:\Windows\SYSTEM32\apphelp.dll
0x00007ff819910000 - 0x00007ff8199ae000 	C:\Windows\system32\uxtheme.dll
0x00007ff81d3c0000 - 0x00007ff81d4d5000 	C:\Windows\System32\MSCTF.dll
0x00007ff81d290000 - 0x00007ff81d3bb000 	C:\Windows\System32\ole32.dll
0x00007ff81c690000 - 0x00007ff81c712000 	C:\Windows\System32\bcryptPrimitives.dll
0x00007ff819b80000 - 0x00007ff819baf000 	C:\Windows\system32\DWMAPI.DLL
0x00007fffe1210000 - 0x00007fffe125f000 	C:\Program Files\Java\jdk-1.8\jre\bin\fontmanager.dll
0x00007ffff4160000 - 0x00007ffff4288000 	C:\Windows\system32\opengl32.dll
0x00007ff80d8b0000 - 0x00007ff80d8dc000 	C:\Windows\SYSTEM32\GLU32.dll
0x00007fffe4bb0000 - 0x00007fffe4bcc000 	C:\Program Files\Java\jdk-1.8\jre\bin\net.dll
0x00007ff81b770000 - 0x00007ff81b7dc000 	C:\Windows\system32\mswsock.dll
0x00007ff81b470000 - 0x00007ff81b53a000 	C:\Windows\SYSTEM32\DNSAPI.dll
0x00007ff81b420000 - 0x00007ff81b45b000 	C:\Windows\SYSTEM32\IPHLPAPI.DLL
0x00007ff81d100000 - 0x00007ff81d108000 	C:\Windows\System32\NSI.dll
0x00007ff80d9a0000 - 0x00007ff80d9aa000 	C:\Windows\System32\rasadhlp.dll
0x00007ff80ed50000 - 0x00007ff80edd0000 	C:\Windows\System32\fwpuclnt.dll
0x00007ff81e4e0000 - 0x00007ff81e589000 	C:\Windows\System32\clbcatq.dll
0x00007ff819700000 - 0x00007ff8198b4000 	C:\Windows\SYSTEM32\WindowsCodecs.dll
0x00007fffef5b0000 - 0x00007fffef5ee000 	C:\Windows\system32\dataexchange.dll
0x00007ff818630000 - 0x00007ff818814000 	C:\Windows\system32\dcomp.dll
0x00007ff817360000 - 0x00007ff8175c4000 	C:\Windows\system32\d3d11.dll
0x00007ff81a890000 - 0x00007ff81a986000 	C:\Windows\system32\dxgi.dll
0x00007ff8155b0000 - 0x00007ff8157b3000 	C:\Windows\system32\twinapi.appcore.dll
0x00007fffe4a30000 - 0x00007fffe4a43000 	C:\Program Files\Java\jdk-1.8\jre\bin\nio.dll
0x00007fffe1040000 - 0x00007fffe1083000 	C:\Program Files\Java\jdk-1.8\jre\bin\t2k.dll
0x00007ff815f60000 - 0x00007ff816059000 	C:\Windows\SYSTEM32\textinputframework.dll
0x00007ff819040000 - 0x00007ff819132000 	C:\Windows\System32\CoreMessaging.dll
0x00007ff818ce0000 - 0x00007ff81903b000 	C:\Windows\System32\CoreUIComponents.dll
0x00007ff81b290000 - 0x00007ff81b2c3000 	C:\Windows\SYSTEM32\ntmarta.dll
0x00007ff818420000 - 0x00007ff818577000 	C:\Windows\SYSTEM32\wintypes.dll
0x00007fffe29a0000 - 0x00007fffe29ca000 	C:\Program Files\Java\jdk-1.8\jre\bin\dcpr.dll
0x00007ffffd8e0000 - 0x00007ffffd905000 	C:\Program Files\Java\jdk-1.8\jre\bin\sunec.dll
0x00007ff813d20000 - 0x00007ff813d37000 	C:\Windows\SYSTEM32\dhcpcsvc6.DLL
0x00007ff814b00000 - 0x00007ff814b1d000 	C:\Windows\SYSTEM32\dhcpcsvc.DLL
0x00007ff81b9d0000 - 0x00007ff81b9e8000 	C:\Windows\SYSTEM32\CRYPTSP.dll
0x00007ff81b040000 - 0x00007ff81b078000 	C:\Windows\system32\rsaenh.dll
0x00007ff81bef0000 - 0x00007ff81bf1e000 	C:\Windows\SYSTEM32\USERENV.dll
0x00007ff81b900000 - 0x00007ff81b90c000 	C:\Windows\SYSTEM32\CRYPTBASE.dll
0x00007ff816d90000 - 0x00007ff816d9e000 	C:\Program Files\Java\jdk-1.8\jre\bin\sunmscapi.dll
0x00007ff81c720000 - 0x00007ff81c87d000 	C:\Windows\System32\CRYPT32.dll
0x00007ff81bae0000 - 0x00007ff81bb07000 	C:\Windows\SYSTEM32\ncrypt.dll
0x00007ff81baa0000 - 0x00007ff81badb000 	C:\Windows\SYSTEM32\NTASN1.dll
0x00007fffe2730000 - 0x00007fffe27e0000 	C:\Windows\WinSxS\amd64_microsoft.windows.common-controls_6595b64144ccf1df_5.82.19041.4355_none_792ecafd2442822f\comctl32.dll
0x00007ff8181b0000 - 0x00007ff8182a4000 	C:\Windows\SYSTEM32\PROPSYS.dll
0x00007fffed4c0000 - 0x00007fffed4d7000 	C:\Windows\system32\NetworkExplorer.dll
0x00007ff81c040000 - 0x00007ff81c08e000 	C:\Windows\System32\CFGMGR32.dll
0x00007ff800630000 - 0x00007ff80064d000 	C:\Windows\SYSTEM32\MPR.dll
0x00007fffed490000 - 0x00007fffed4ba000 	C:\Windows\System32\p9np.dll
0x00007fffeda40000 - 0x00007fffeda4b000 	C:\Windows\System32\drprov.dll
0x00007ff81acc0000 - 0x00007ff81ad1b000 	C:\Windows\System32\WINSTA.dll
0x00007fffed470000 - 0x00007fffed48f000 	C:\Windows\System32\ntlanman.dll
0x00007fffed450000 - 0x00007fffed46e000 	C:\Windows\System32\davclnt.dll
0x00007fffed440000 - 0x00007fffed44d000 	C:\Windows\System32\DAVHLPR.dll
0x00007ff81b160000 - 0x00007ff81b179000 	C:\Windows\System32\wkscli.dll
0x00007ffffad80000 - 0x00007ffffad92000 	C:\Windows\SYSTEM32\cscapi.dll
0x00007ff81b460000 - 0x00007ff81b46c000 	C:\Windows\System32\netutils.dll
0x00007fffe9880000 - 0x00007fffe98d6000 	C:\Windows\System32\dlnashext.dll
0x00007fffe90b0000 - 0x00007fffe9114000 	C:\Windows\System32\PlayToDevice.dll
0x00007ff80c810000 - 0x00007ff80c830000 	C:\Windows\System32\DevDispItemProvider.dll
0x00007ff814c10000 - 0x00007ff814c99000 	C:\Windows\System32\MMDevApi.dll
0x00007ff81bdd0000 - 0x00007ff81be03000 	C:\Windows\System32\DEVOBJ.dll
0x00007fffe6b80000 - 0x00007fffe6c21000 	C:\Windows\system32\wpdshext.dll
0x00007fffe9b00000 - 0x00007fffe9ca7000 	C:\Windows\WinSxS\amd64_microsoft.windows.gdiplus_6595b64144ccf1df_1.1.19041.5848_none_91a26960cc89da2c\gdiplus.dll
0x00007ff816060000 - 0x00007ff816103000 	C:\Windows\System32\PortableDeviceApi.dll
0x00007ff81c9e0000 - 0x00007ff81ce50000 	C:\Windows\System32\SETUPAPI.dll
0x00007ff81c240000 - 0x00007ff81c2b3000 	C:\Windows\System32\WINTRUST.dll
0x00007ff81bc00000 - 0x00007ff81bc12000 	C:\Windows\System32\MSASN1.dll
0x00007ff816160000 - 0x00007ff816197000 	C:\Windows\System32\EhStorShell.dll
0x00007fffec1f0000 - 0x00007fffec216000 	C:\Windows\System32\EhStorAPI.dll
0x00007ff816cc0000 - 0x00007ff816cd4000 	C:\Windows\System32\WTSAPI32.dll
0x00007ff818140000 - 0x00007ff81814d000 	C:\Windows\SYSTEM32\LINKINFO.dll

VM Arguments:
jvm_args: -Dfile.encoding=UTF-8 
java_command: view.LoginPage
java_class_path (initial): C:\Users\Hey\Downloads\mysql-connector-java-5.1.49\mysql-connector-java-5.1.49-bin.jar;C:\Program Files\NetBeans 8.2\java\modules\ext\hibernate4\antlr-2.7.7.jar;C:\Program Files\NetBeans 8.2\java\modules\ext\hibernate4\c3p0-0.9.2.1.jar;C:\Program Files\NetBeans 8.2\java\modules\ext\hibernate4\hibernate-c3p0-4.3.1.Final.jar;C:\Program Files\NetBeans 8.2\java\modules\ext\hibernate4\mchange-commons-java-0.2.3.4.jar;C:\Program Files\NetBeans 8.2\java\modules\ext\hibernate4\dom4j-1.6.1.jar;C:\Program Files\NetBeans 8.2\java\modules\ext\hibernate4\ehcache-core-2.4.3.jar;C:\Program Files\NetBeans 8.2\java\modules\ext\hibernate4\hibernate-ehcache-4.3.1.Final.jar;C:\Program Files\NetBeans 8.2\java\modules\ext\hibernate4\hibernate-core-4.3.1.Final.jar;C:\Program Files\NetBeans 8.2\java\modules\ext\hibernate4\jboss-logging-3.1.3.GA.jar;C:\Program Files\NetBeans 8.2\java\modules\ext\hibernate4\hibernate-commons-annotations-4.0.4.Final.jar;C:\Program Files\NetBeans 8.2\java\modules\ext\hibernate4\hibernate-entitymanager-4.3.1.Final.jar;C:\Program Files\NetBeans 8.2\java\modules\ext\hibernate4\javassist-3.18.1-GA.jar;C:\Program Files\NetBeans 8.2\java\modules\ext\hibernate4\jboss-transaction-api_1.2_spec-1.0.0.Final.jar;C:\Program Files\NetBeans 8.2\java\modules\ext\hibernate4\slf4j-api-1.6.1.jar;C:\Program Files\NetBeans 8.2\java\modules\ext\hibernate4\slf4j-simple-1.6.1.jar;C:\Program Files\NetBeans 8.2\java\modules\ext\hibernate4\hibernate-jpa-2.1-api-1.0.0.Final.jar;C:\Users\Hey\Downloads\itextpdf-5.5.13.3.jar;C:\Users\Hey\Downloads\poi-5.2.3.jar;C:\Users\Hey\Downloads\poi-ooxml-5.2.3.jar;C:\Users\Hey\OneDrive\Documents\NetBeansProjects\Amavubi Fan hub\build\classes
Launcher Type: SUN_STANDARD

Environment Variables:
PATH=C:\Oracle21cInstall\bin;C:\Program Files\Eclipse Adoptium\jdk-21.0.5.11-hotspot\bin;C:\Program Files (x86)\Common Files\Oracle\Java\java8path;C:\Program Files (x86)\Common Files\Oracle\Java\javapath;C:\Users\Hey\OneDrive\Desktop\ORACLE\bin;C:\app\Hey\product\21c\dbhomeXE\bin;C:\Windows\system32;C:\Windows;C:\Windows\System32\Wbem;C:\Windows\System32\WindowsPowerShell\v1.0\;C:\Windows\System32\OpenSSH\;C:\Program Files\Git\cmd;C:\Program Files\dotnet\;C:\Program Files\GitHub CLI\;C:\Program Files\MySQL\MySQL Shell 8.0\bin\;C:\Users\Hey\AppData\Local\Microsoft\WindowsApps;C:\Program Files\JetBrains\PyCharm 2023.2.4\bin;C:\Users\Hey\AppData\Local\Programs\Microsoft VS Code\bin;C:\Users\Hey\AppData\Local\GitHubDesktop\bin;C:\Program Files\JetBrains\IntelliJ IDEA Community Edition 2024.3.2\bin
USERNAME=Hey
OS=Windows_NT
PROCESSOR_IDENTIFIER=Intel64 Family 6 Model 58 Stepping 9, GenuineIntel



---------------  S Y S T E M  ---------------

OS: Windows 10 , 64 bit Build 19041 (10.0.19041.5794)

CPU:total 4 (initial active 4) (2 cores per cpu, 2 threads per core) family 6 model 58 stepping 9, cmov, cx8, fxsr, mmx, sse, sse2, sse3, ssse3, sse4.1, sse4.2, popcnt, avx, aes, clmul, erms, ht, tsc, tscinvbit, tscinv

Memory: 4k page, physical 4055164k(184096k free), swap 10346620k(0k free)

vm_info: Java HotSpot(TM) 64-Bit Server VM (25.441-b07) for windows-amd64 JRE (1.8.0_441-b07), built on Dec  4 2024 08:12:36 by "java_re" with MS VC++ 17.6 (VS2022)

time: Fri May 30 14:22:59 2025
timezone: Egypt Daylight Time
elapsed time: 7854.368853 seconds (0d 2h 10m 54s)

